<?xml version="1.0" encoding="UTF-8"?>
<robot generator="Robot 6.0 (Python 3.10.0 on win32)" generated="20221127 14:35:06.528" rpa="false" schemaversion="3">
<suite id="s1" name="Demo" source="C:\python_database\robot_pycharm\Tests\demo.robot">
<test id="s1-t1" name="Should be able to add new customer" line="8">
<kw name="Set Selenium Speed" library="SeleniumLibrary">
<arg>.2s</arg>
<doc>Sets the delay that is waited after each Selenium command.</doc>
<status status="PASS" starttime="20221127 14:35:08.944" endtime="20221127 14:35:08.944"/>
</kw>
<kw name="Set Selenium Timeout" library="SeleniumLibrary">
<arg>10s</arg>
<doc>Sets the timeout that is used by various keywords.</doc>
<status status="PASS" starttime="20221127 14:35:08.945" endtime="20221127 14:35:08.945"/>
</kw>
<kw name="Log" library="BuiltIn">
<arg>Startting the test case!</arg>
<doc>Logs the given message with the given level.</doc>
<msg timestamp="20221127 14:35:08.946" level="INFO">Startting the test case!</msg>
<status status="PASS" starttime="20221127 14:35:08.946" endtime="20221127 14:35:08.946"/>
</kw>
<kw name="Open Browser" library="SeleniumLibrary">
<arg>https://www.irctc.co.in/nget/train-search</arg>
<arg>chrome</arg>
<doc>Opens a new browser instance to the optional ``url``.</doc>
<msg timestamp="20221127 14:35:08.947" level="INFO">Opening browser 'chrome' to base url 'https://www.irctc.co.in/nget/train-search'.</msg>
<status status="PASS" starttime="20221127 14:35:08.946" endtime="20221127 14:35:19.619"/>
</kw>
<kw name="Set Window Position" library="SeleniumLibrary">
<arg>x=-5</arg>
<arg>y=5</arg>
<doc>Sets window position using ``x`` and ``y`` coordinates.</doc>
<status status="PASS" starttime="20221127 14:35:19.620" endtime="20221127 14:35:19.970"/>
</kw>
<kw name="Set Window Size" library="SeleniumLibrary">
<arg>width=1280</arg>
<arg>height=720</arg>
<doc>Sets current windows size to given ``width`` and ``height``.</doc>
<status status="PASS" starttime="20221127 14:35:19.971" endtime="20221127 14:35:20.340"/>
</kw>
<kw name="Click Link" library="SeleniumLibrary">
<arg>xpath=/html/body/app-root/app-home/div[1]/app-header/div[1]/div[2]/a</arg>
<doc>Clicks a link identified by ``locator``.</doc>
<msg timestamp="20221127 14:35:20.343" level="INFO">Clicking link 'xpath=/html/body/app-root/app-home/div[1]/app-header/div[1]/div[2]/a'.</msg>
<status status="PASS" starttime="20221127 14:35:20.342" endtime="20221127 14:35:21.268"/>
</kw>
<kw name="Click Button" library="SeleniumLibrary">
<arg>xpath=//*[@id="slide-menu"]/p-sidebar/div/nav/div/label/button</arg>
<doc>Clicks the button identified by ``locator``.</doc>
<msg timestamp="20221127 14:35:21.270" level="INFO">Clicking button 'xpath=//*[@id="slide-menu"]/p-sidebar/div/nav/div/label/button'.</msg>
<status status="PASS" starttime="20221127 14:35:21.270" endtime="20221127 14:35:22.481"/>
</kw>
<kw name="Page Should Contain" library="SeleniumLibrary">
<arg>LOGIN</arg>
<doc>Verifies that current page contains ``text``.</doc>
<msg timestamp="20221127 14:35:22.928" level="INFO">Current page contains text 'LOGIN'.</msg>
<status status="PASS" starttime="20221127 14:35:22.482" endtime="20221127 14:35:22.928"/>
</kw>
<kw name="Input Text" library="SeleniumLibrary">
<arg>id="7021445"</arg>
<arg>Amirthe</arg>
<doc>Types the given ``text`` into the text field identified by ``locator``.</doc>
<msg timestamp="20221127 14:35:22.930" level="INFO">Typing text 'Amirthe' into text field 'id="7021445"'.</msg>
<msg timestamp="20221127 14:35:23.583" level="INFO" html="true">&lt;/td&gt;&lt;/tr&gt;&lt;tr&gt;&lt;td colspan="3"&gt;&lt;a href="selenium-screenshot-4.png"&gt;&lt;img src="selenium-screenshot-4.png" width="800px"&gt;&lt;/a&gt;</msg>
<msg timestamp="20221127 14:35:23.583" level="FAIL">InvalidSelectorException: Message: invalid selector: An invalid or illegal selector was specified
  (Session info: chrome=106.0.5249.119)
Stacktrace:
Backtrace:
	Ordinal0 [0x00821ED3+2236115]
	Ordinal0 [0x007B92F1+1807089]
	Ordinal0 [0x006C66FD+812797]
	Ordinal0 [0x006C92B4+823988]
	Ordinal0 [0x006C9165+823653]
	Ordinal0 [0x006C9400+824320]
	Ordinal0 [0x006F5352+1004370]
	Ordinal0 [0x006F57CB+1005515]
	Ordinal0 [0x0072766C+1209964]
	Ordinal0 [0x00711AD4+1120980]
	Ordinal0 [0x007259E2+1202658]
	Ordinal0 [0x007118A6+1120422]
	Ordinal0 [0x006EA73D+960317]
	Ordinal0 [0x006EB71F+964383]
	GetHandleVerifier [0x00ACE7E2+2743074]
	GetHandleVerifier [0x00AC08D4+2685972]
	GetHandleVerifier [0x008B2BAA+532202]
	GetHandleVerifier [0x008B1990+527568]
	Ordinal0 [0x007C080C+1837068]
	Ordinal0 [0x007C4CD8+1854680]
	Ordinal0 [0x007C4DC5+1854917]
	Ordinal0 [0x007CED64+1895780]
	BaseThreadInitThunk [0x75C36939+25]
	RtlGetFullPathName_UEx [0x77628FD2+1218]
	RtlGetFullPathName_UEx [0x77628F9D+1165]
</msg>
<status status="FAIL" starttime="20221127 14:35:22.929" endtime="20221127 14:35:23.654"/>
</kw>
<kw name="Input Password" library="SeleniumLibrary">
<arg>xpath=//*[@id="8195910"]</arg>
<arg>Genpact@123</arg>
<doc>Types the given password into the text field identified by ``locator``.</doc>
<status status="NOT RUN" starttime="20221127 14:35:23.655" endtime="20221127 14:35:23.655"/>
</kw>
<kw name="Sleep" library="BuiltIn">
<arg>3s</arg>
<doc>Pauses the test executed for the given time.</doc>
<status status="NOT RUN" starttime="20221127 14:35:23.655" endtime="20221127 14:35:23.656"/>
</kw>
<kw name="Close Browser" library="SeleniumLibrary">
<doc>Closes the current browser.</doc>
<status status="NOT RUN" starttime="20221127 14:35:23.656" endtime="20221127 14:35:23.656"/>
</kw>
<doc>This is some basic info about the test</doc>
<tag>1006</tag>
<tag>Contacts</tag>
<tag>Smoke</tag>
<status status="FAIL" starttime="20221127 14:35:08.943" endtime="20221127 14:35:23.657">InvalidSelectorException: Message: invalid selector: An invalid or illegal selector was specified
  (Session info: chrome=106.0.5249.119)
Stacktrace:
Backtrace:
	Ordinal0 [0x00821ED3+2236115]
	Ordinal0 [0x007B92F1+1807089]
	Ordinal0 [0x006C66FD+812797]
	Ordinal0 [0x006C92B4+823988]
	Ordinal0 [0x006C9165+823653]
	Ordinal0 [0x006C9400+824320]
	Ordinal0 [0x006F5352+1004370]
	Ordinal0 [0x006F57CB+1005515]
	Ordinal0 [0x0072766C+1209964]
	Ordinal0 [0x00711AD4+1120980]
	Ordinal0 [0x007259E2+1202658]
	Ordinal0 [0x007118A6+1120422]
	Ordinal0 [0x006EA73D+960317]
	Ordinal0 [0x006EB71F+964383]
	GetHandleVerifier [0x00ACE7E2+2743074]
	GetHandleVerifier [0x00AC08D4+2685972]
	GetHandleVerifier [0x008B2BAA+532202]
	GetHandleVerifier [0x008B1990+527568]
	Ordinal0 [0x007C080C+1837068]
	Ordinal0 [0x007C4CD8+1854680]
	Ordinal0 [0x007C4DC5+1854917]
	Ordinal0 [0x007CED64+1895780]
	BaseThreadInitThunk [0x75C36939+25]
	RtlGetFullPathName_UEx [0x77628FD2+1218]
	RtlGetFullPathName_UEx [0x77628F9D+1165]
</status>
</test>
<doc>This is some basic info about the whole suite</doc>
<status status="FAIL" starttime="20221127 14:35:06.536" endtime="20221127 14:35:23.659"/>
</suite>
<statistics>
<total>
<stat pass="0" fail="1" skip="0">All Tests</stat>
</total>
<tag>
<stat pass="0" fail="1" skip="0">1006</stat>
<stat pass="0" fail="1" skip="0">Contacts</stat>
<stat pass="0" fail="1" skip="0">Smoke</stat>
</tag>
<suite>
<stat pass="0" fail="1" skip="0" id="s1" name="Demo">Demo</stat>
</suite>
</statistics>
<errors>
</errors>
</robot>
